2024-04-20 15:59:15,906 INFO o.a.j.u.JMeterUtils: Setting Locale to en_EN
2024-04-20 15:59:15,934 INFO o.a.j.JMeter: Loading user properties from: user.properties
2024-04-20 15:59:15,935 INFO o.a.j.JMeter: Loading system properties from: system.properties
2024-04-20 15:59:15,944 INFO o.a.j.JMeter: Copyright (c) 1998-2024 The Apache Software Foundation
2024-04-20 15:59:15,944 INFO o.a.j.JMeter: Version 5.6.3
2024-04-20 15:59:15,945 INFO o.a.j.JMeter: java.version=19.0.2
2024-04-20 15:59:15,945 INFO o.a.j.JMeter: java.vm.name=Java HotSpot(TM) 64-Bit Server VM
2024-04-20 15:59:15,945 INFO o.a.j.JMeter: os.name=Windows 11
2024-04-20 15:59:15,945 INFO o.a.j.JMeter: os.arch=amd64
2024-04-20 15:59:15,945 INFO o.a.j.JMeter: os.version=10.0
2024-04-20 15:59:15,945 INFO o.a.j.JMeter: file.encoding=UTF-8
2024-04-20 15:59:15,945 INFO o.a.j.JMeter: java.awt.headless=null
2024-04-20 15:59:15,945 INFO o.a.j.JMeter: Max memory     =1073741824
2024-04-20 15:59:15,945 INFO o.a.j.JMeter: Available Processors =12
2024-04-20 15:59:15,961 INFO o.a.j.JMeter: Default Locale=English (EN)
2024-04-20 15:59:15,961 INFO o.a.j.JMeter: JMeter  Locale=English (EN)
2024-04-20 15:59:15,961 INFO o.a.j.JMeter: JMeterHome=C:\Users\visha\OneDrive\Desktop\java\springboot_projects\microservice_hotel_management_app\apache-jmeter-5.6.3\apache-jmeter-5.6.3
2024-04-20 15:59:15,961 INFO o.a.j.JMeter: user.dir  =C:\Users\visha\OneDrive\Desktop\java\springboot_projects\microservice_hotel_management_app\apache-jmeter-5.6.3\apache-jmeter-5.6.3\bin
2024-04-20 15:59:15,961 INFO o.a.j.JMeter: PWD       =C:\Users\visha\OneDrive\Desktop\java\springboot_projects\microservice_hotel_management_app\apache-jmeter-5.6.3\apache-jmeter-5.6.3\bin
2024-04-20 15:59:15,963 INFO o.a.j.JMeter: IP: 192.168.81.52 Name: Vishal FullName: Vishal
2024-04-20 15:59:15,973 INFO o.a.j.JMeter: Loaded icon properties from org/apache/jmeter/images/icon.properties
2024-04-20 15:59:16,234 INFO o.a.j.JMeterGuiLauncher: Setting LAF to: com.github.weisj.darklaf.DarkLaf:com.github.weisj.darklaf.theme.DarculaTheme
2024-04-20 15:59:26,607 INFO o.a.j.e.u.CompoundVariable: Note: Function class names must contain the string: '.functions.'
2024-04-20 15:59:26,608 INFO o.a.j.e.u.CompoundVariable: Note: Function class names must not contain the string: '.gui.'
2024-04-20 15:59:49,858 INFO o.a.j.p.h.s.HTTPSamplerBase: Parser for text/html is org.apache.jmeter.protocol.http.parser.LagartoBasedHtmlParser
2024-04-20 15:59:49,858 INFO o.a.j.p.h.s.HTTPSamplerBase: Parser for application/xhtml+xml is org.apache.jmeter.protocol.http.parser.LagartoBasedHtmlParser
2024-04-20 15:59:49,858 INFO o.a.j.p.h.s.HTTPSamplerBase: Parser for application/xml is org.apache.jmeter.protocol.http.parser.LagartoBasedHtmlParser
2024-04-20 15:59:49,858 INFO o.a.j.p.h.s.HTTPSamplerBase: Parser for text/xml is org.apache.jmeter.protocol.http.parser.LagartoBasedHtmlParser
2024-04-20 15:59:49,858 INFO o.a.j.p.h.s.HTTPSamplerBase: Parser for text/vnd.wap.wml is org.apache.jmeter.protocol.http.parser.RegexpHTMLParser
2024-04-20 15:59:49,858 INFO o.a.j.p.h.s.HTTPSamplerBase: Parser for text/css is org.apache.jmeter.protocol.http.parser.CssParser
2024-04-20 16:00:14,773 INFO o.a.j.s.SampleResult: Note: Sample TimeStamps are START times
2024-04-20 16:00:14,773 INFO o.a.j.s.SampleResult: sampleresult.default.encoding is set to UTF-8
2024-04-20 16:00:14,774 INFO o.a.j.s.SampleResult: sampleresult.useNanoTime=true
2024-04-20 16:00:14,774 INFO o.a.j.s.SampleResult: sampleresult.nanoThreadSleep=5000
2024-04-20 16:00:55,402 INFO o.a.j.s.FileServer: Default base='C:\Users\visha\OneDrive\Desktop\java\springboot_projects\microservice_hotel_management_app\apache-jmeter-5.6.3\apache-jmeter-5.6.3\bin'
2024-04-20 16:00:55,403 INFO o.a.j.s.FileServer: Set new base='C:\Users\visha\OneDrive\Desktop\java\springboot_projects\microservice_hotel_management_app\apache-jmeter-5.6.3\apache-jmeter-5.6.3\bin'
2024-04-20 16:00:55,602 INFO o.a.j.s.SaveService: Testplan (JMX) version: 2.2. Testlog (JTL) version: 2.2
2024-04-20 16:00:55,634 INFO o.a.j.s.SaveService: Using SaveService properties version 5.0
2024-04-20 16:00:55,635 INFO o.a.j.s.SaveService: Using SaveService properties file encoding UTF-8
2024-04-20 16:00:55,661 INFO o.a.j.e.StandardJMeterEngine: Running the test!
2024-04-20 16:00:55,662 INFO o.a.j.s.SampleEvent: List of sample_variables: []
2024-04-20 16:00:55,662 INFO o.a.j.s.SampleEvent: List of sample_variables: []
2024-04-20 16:00:55,665 INFO o.a.j.g.u.JMeterMenuBar: setRunning(true, *local*)
2024-04-20 16:00:55,701 INFO o.a.j.e.StandardJMeterEngine: Starting ThreadGroup: 1 : Thread Group
2024-04-20 16:00:55,701 INFO o.a.j.e.StandardJMeterEngine: Starting 15 threads for group Thread Group.
2024-04-20 16:00:55,701 INFO o.a.j.e.StandardJMeterEngine: Thread will continue on error
2024-04-20 16:00:55,702 INFO o.a.j.t.ThreadGroup: Starting thread group... number=1 threads=15 ramp-up=1 delayedStart=false
2024-04-20 16:00:55,706 INFO o.a.j.t.JMeterThread: Thread started: Thread Group 1-1
2024-04-20 16:00:55,708 INFO o.a.j.t.ThreadGroup: Started thread group number 1
2024-04-20 16:00:55,709 INFO o.a.j.e.StandardJMeterEngine: All thread groups have been started
2024-04-20 16:00:55,717 INFO o.a.j.p.h.s.HTTPHCAbstractImpl: Local host = Vishal
2024-04-20 16:00:55,728 INFO o.a.j.p.h.s.HTTPHC4Impl: HTTP request retry count = 0
2024-04-20 16:00:55,771 INFO o.a.j.t.JMeterThread: Thread started: Thread Group 1-2
2024-04-20 16:00:55,837 INFO o.a.j.t.JMeterThread: Thread started: Thread Group 1-3
2024-04-20 16:00:55,904 INFO o.a.j.t.JMeterThread: Thread started: Thread Group 1-4
2024-04-20 16:00:55,973 INFO o.a.j.t.JMeterThread: Thread started: Thread Group 1-5
2024-04-20 16:00:56,040 INFO o.a.j.t.JMeterThread: Thread started: Thread Group 1-6
2024-04-20 16:00:56,106 INFO o.a.j.t.JMeterThread: Thread started: Thread Group 1-7
2024-04-20 16:00:56,173 INFO o.a.j.t.JMeterThread: Thread started: Thread Group 1-8
2024-04-20 16:00:56,241 INFO o.a.j.t.JMeterThread: Thread started: Thread Group 1-9
2024-04-20 16:00:56,307 INFO o.a.j.t.JMeterThread: Thread started: Thread Group 1-10
2024-04-20 16:00:56,374 INFO o.a.j.t.JMeterThread: Thread started: Thread Group 1-11
2024-04-20 16:00:56,441 INFO o.a.j.t.JMeterThread: Thread started: Thread Group 1-12
2024-04-20 16:00:56,508 INFO o.a.j.t.JMeterThread: Thread started: Thread Group 1-13
2024-04-20 16:00:56,576 INFO o.a.j.t.JMeterThread: Thread started: Thread Group 1-14
2024-04-20 16:00:56,642 INFO o.a.j.t.JMeterThread: Thread started: Thread Group 1-15
2024-04-20 16:01:01,008 INFO o.a.j.t.JMeterThread: Thread is done: Thread Group 1-5
2024-04-20 16:01:01,008 INFO o.a.j.t.JMeterThread: Thread finished: Thread Group 1-5
2024-04-20 16:01:01,059 INFO o.a.j.t.JMeterThread: Thread is done: Thread Group 1-6
2024-04-20 16:01:01,059 INFO o.a.j.t.JMeterThread: Thread finished: Thread Group 1-6
2024-04-20 16:01:01,121 INFO o.a.j.t.JMeterThread: Thread is done: Thread Group 1-7
2024-04-20 16:01:01,121 INFO o.a.j.t.JMeterThread: Thread finished: Thread Group 1-7
2024-04-20 16:01:01,181 INFO o.a.j.t.JMeterThread: Thread is done: Thread Group 1-8
2024-04-20 16:01:01,182 INFO o.a.j.t.JMeterThread: Thread finished: Thread Group 1-8
2024-04-20 16:01:01,259 INFO o.a.j.t.JMeterThread: Thread is done: Thread Group 1-9
2024-04-20 16:01:01,259 INFO o.a.j.t.JMeterThread: Thread finished: Thread Group 1-9
2024-04-20 16:01:01,321 INFO o.a.j.t.JMeterThread: Thread is done: Thread Group 1-10
2024-04-20 16:01:01,321 INFO o.a.j.t.JMeterThread: Thread finished: Thread Group 1-10
2024-04-20 16:01:01,384 INFO o.a.j.t.JMeterThread: Thread is done: Thread Group 1-11
2024-04-20 16:01:01,384 INFO o.a.j.t.JMeterThread: Thread finished: Thread Group 1-11
2024-04-20 16:01:01,461 INFO o.a.j.t.JMeterThread: Thread is done: Thread Group 1-12
2024-04-20 16:01:01,461 INFO o.a.j.t.JMeterThread: Thread finished: Thread Group 1-12
2024-04-20 16:01:01,525 INFO o.a.j.t.JMeterThread: Thread is done: Thread Group 1-13
2024-04-20 16:01:01,525 INFO o.a.j.t.JMeterThread: Thread finished: Thread Group 1-13
2024-04-20 16:01:16,912 INFO o.a.j.t.JMeterThread: Thread is done: Thread Group 1-1
2024-04-20 16:01:16,912 INFO o.a.j.t.JMeterThread: Thread is done: Thread Group 1-2
2024-04-20 16:01:16,912 INFO o.a.j.t.JMeterThread: Thread finished: Thread Group 1-1
2024-04-20 16:01:16,912 INFO o.a.j.t.JMeterThread: Thread finished: Thread Group 1-2
2024-04-20 16:01:18,581 INFO o.a.j.t.JMeterThread: Thread is done: Thread Group 1-3
2024-04-20 16:01:18,581 INFO o.a.j.t.JMeterThread: Thread is done: Thread Group 1-4
2024-04-20 16:01:18,581 INFO o.a.j.t.JMeterThread: Thread finished: Thread Group 1-3
2024-04-20 16:01:18,581 INFO o.a.j.t.JMeterThread: Thread finished: Thread Group 1-4
2024-04-20 16:01:22,591 INFO o.a.j.t.JMeterThread: Thread is done: Thread Group 1-15
2024-04-20 16:01:22,591 INFO o.a.j.t.JMeterThread: Thread is done: Thread Group 1-14
2024-04-20 16:01:22,591 INFO o.a.j.t.JMeterThread: Thread finished: Thread Group 1-15
2024-04-20 16:01:22,593 INFO o.a.j.t.JMeterThread: Thread finished: Thread Group 1-14
2024-04-20 16:01:22,593 INFO o.a.j.e.StandardJMeterEngine: Notifying test listeners of end of test
2024-04-20 16:01:22,593 INFO o.a.j.g.u.JMeterMenuBar: setRunning(false, *local*)
2024-04-20 16:03:56,814 INFO o.a.j.e.StandardJMeterEngine: Running the test!
2024-04-20 16:03:56,824 INFO o.a.j.s.SampleEvent: List of sample_variables: []
2024-04-20 16:03:56,833 INFO o.a.j.g.u.JMeterMenuBar: setRunning(true, *local*)
2024-04-20 16:03:56,955 INFO o.a.j.e.StandardJMeterEngine: Starting ThreadGroup: 1 : Thread Group
2024-04-20 16:03:56,955 INFO o.a.j.e.StandardJMeterEngine: Starting 15 threads for group Thread Group.
2024-04-20 16:03:56,956 INFO o.a.j.e.StandardJMeterEngine: Thread will continue on error
2024-04-20 16:03:56,956 INFO o.a.j.t.ThreadGroup: Starting thread group... number=1 threads=15 ramp-up=1 delayedStart=false
2024-04-20 16:03:56,958 INFO o.a.j.t.JMeterThread: Thread started: Thread Group 1-1
2024-04-20 16:03:56,965 INFO o.a.j.t.ThreadGroup: Started thread group number 1
2024-04-20 16:03:56,966 INFO o.a.j.e.StandardJMeterEngine: All thread groups have been started
2024-04-20 16:03:57,026 INFO o.a.j.t.JMeterThread: Thread started: Thread Group 1-2
2024-04-20 16:03:57,093 INFO o.a.j.t.JMeterThread: Thread started: Thread Group 1-3
2024-04-20 16:03:57,161 INFO o.a.j.t.JMeterThread: Thread started: Thread Group 1-4
2024-04-20 16:03:57,226 INFO o.a.j.t.JMeterThread: Thread started: Thread Group 1-5
2024-04-20 16:03:57,293 INFO o.a.j.t.JMeterThread: Thread started: Thread Group 1-6
2024-04-20 16:03:57,360 INFO o.a.j.t.JMeterThread: Thread started: Thread Group 1-7
2024-04-20 16:03:57,427 INFO o.a.j.t.JMeterThread: Thread started: Thread Group 1-8
2024-04-20 16:03:57,496 INFO o.a.j.t.JMeterThread: Thread started: Thread Group 1-9
2024-04-20 16:03:57,561 INFO o.a.j.t.JMeterThread: Thread started: Thread Group 1-10
2024-04-20 16:03:57,629 INFO o.a.j.t.JMeterThread: Thread started: Thread Group 1-11
2024-04-20 16:03:57,698 INFO o.a.j.t.JMeterThread: Thread started: Thread Group 1-12
2024-04-20 16:03:57,762 INFO o.a.j.t.JMeterThread: Thread started: Thread Group 1-13
2024-04-20 16:03:57,828 INFO o.a.j.t.JMeterThread: Thread started: Thread Group 1-14
2024-04-20 16:03:57,898 INFO o.a.j.t.JMeterThread: Thread started: Thread Group 1-15
2024-04-20 16:03:59,188 INFO o.a.j.t.JMeterThread: Thread is done: Thread Group 1-1
2024-04-20 16:03:59,188 INFO o.a.j.t.JMeterThread: Thread is done: Thread Group 1-4
2024-04-20 16:03:59,188 INFO o.a.j.t.JMeterThread: Thread finished: Thread Group 1-1
2024-04-20 16:03:59,188 INFO o.a.j.t.JMeterThread: Thread finished: Thread Group 1-4
2024-04-20 16:03:59,234 INFO o.a.j.t.JMeterThread: Thread is done: Thread Group 1-5
2024-04-20 16:03:59,235 INFO o.a.j.t.JMeterThread: Thread finished: Thread Group 1-5
2024-04-20 16:03:59,313 INFO o.a.j.t.JMeterThread: Thread is done: Thread Group 1-6
2024-04-20 16:03:59,313 INFO o.a.j.t.JMeterThread: Thread finished: Thread Group 1-6
2024-04-20 16:03:59,375 INFO o.a.j.t.JMeterThread: Thread is done: Thread Group 1-7
2024-04-20 16:03:59,375 INFO o.a.j.t.JMeterThread: Thread finished: Thread Group 1-7
2024-04-20 16:03:59,436 INFO o.a.j.t.JMeterThread: Thread is done: Thread Group 1-8
2024-04-20 16:03:59,437 INFO o.a.j.t.JMeterThread: Thread finished: Thread Group 1-8
2024-04-20 16:03:59,514 INFO o.a.j.t.JMeterThread: Thread is done: Thread Group 1-9
2024-04-20 16:03:59,514 INFO o.a.j.t.JMeterThread: Thread finished: Thread Group 1-9
2024-04-20 16:03:59,576 INFO o.a.j.t.JMeterThread: Thread is done: Thread Group 1-10
2024-04-20 16:03:59,576 INFO o.a.j.t.JMeterThread: Thread finished: Thread Group 1-10
2024-04-20 16:03:59,638 INFO o.a.j.t.JMeterThread: Thread is done: Thread Group 1-11
2024-04-20 16:03:59,638 INFO o.a.j.t.JMeterThread: Thread finished: Thread Group 1-11
2024-04-20 16:03:59,715 INFO o.a.j.t.JMeterThread: Thread is done: Thread Group 1-12
2024-04-20 16:03:59,716 INFO o.a.j.t.JMeterThread: Thread finished: Thread Group 1-12
2024-04-20 16:03:59,778 INFO o.a.j.t.JMeterThread: Thread is done: Thread Group 1-13
2024-04-20 16:03:59,779 INFO o.a.j.t.JMeterThread: Thread finished: Thread Group 1-13
2024-04-20 16:03:59,841 INFO o.a.j.t.JMeterThread: Thread is done: Thread Group 1-14
2024-04-20 16:03:59,841 INFO o.a.j.t.JMeterThread: Thread finished: Thread Group 1-14
2024-04-20 16:03:59,917 INFO o.a.j.t.JMeterThread: Thread is done: Thread Group 1-15
2024-04-20 16:03:59,917 INFO o.a.j.t.JMeterThread: Thread finished: Thread Group 1-15
2024-04-20 16:04:18,439 INFO o.a.j.t.JMeterThread: Thread is done: Thread Group 1-2
2024-04-20 16:04:18,439 INFO o.a.j.t.JMeterThread: Thread is done: Thread Group 1-3
2024-04-20 16:04:18,439 INFO o.a.j.t.JMeterThread: Thread finished: Thread Group 1-2
2024-04-20 16:04:18,439 INFO o.a.j.t.JMeterThread: Thread finished: Thread Group 1-3
2024-04-20 16:04:18,440 INFO o.a.j.e.StandardJMeterEngine: Notifying test listeners of end of test
2024-04-20 16:04:18,440 INFO o.a.j.g.u.JMeterMenuBar: setRunning(false, *local*)
2024-04-20 16:06:54,358 INFO o.a.j.e.StandardJMeterEngine: Running the test!
2024-04-20 16:06:54,370 INFO o.a.j.s.SampleEvent: List of sample_variables: []
2024-04-20 16:06:54,375 INFO o.a.j.g.u.JMeterMenuBar: setRunning(true, *local*)
2024-04-20 16:06:54,570 INFO o.a.j.e.StandardJMeterEngine: Starting ThreadGroup: 1 : Thread Group
2024-04-20 16:06:54,571 INFO o.a.j.e.StandardJMeterEngine: Starting 15 threads for group Thread Group.
2024-04-20 16:06:54,571 INFO o.a.j.e.StandardJMeterEngine: Thread will continue on error
2024-04-20 16:06:54,571 INFO o.a.j.t.ThreadGroup: Starting thread group... number=1 threads=15 ramp-up=1 delayedStart=false
2024-04-20 16:06:54,572 INFO o.a.j.t.JMeterThread: Thread started: Thread Group 1-1
2024-04-20 16:06:54,578 INFO o.a.j.t.ThreadGroup: Started thread group number 1
2024-04-20 16:06:54,578 INFO o.a.j.e.StandardJMeterEngine: All thread groups have been started
2024-04-20 16:06:54,625 INFO o.a.j.t.JMeterThread: Thread is done: Thread Group 1-1
2024-04-20 16:06:54,625 INFO o.a.j.t.JMeterThread: Thread finished: Thread Group 1-1
2024-04-20 16:06:54,639 INFO o.a.j.t.JMeterThread: Thread started: Thread Group 1-2
2024-04-20 16:06:54,675 INFO o.a.j.t.JMeterThread: Thread is done: Thread Group 1-2
2024-04-20 16:06:54,675 INFO o.a.j.t.JMeterThread: Thread finished: Thread Group 1-2
2024-04-20 16:06:54,717 INFO o.a.j.t.JMeterThread: Thread started: Thread Group 1-3
2024-04-20 16:06:54,779 INFO o.a.j.t.JMeterThread: Thread started: Thread Group 1-4
2024-04-20 16:06:54,856 INFO o.a.j.t.JMeterThread: Thread started: Thread Group 1-5
2024-04-20 16:06:54,918 INFO o.a.j.t.JMeterThread: Thread started: Thread Group 1-6
2024-04-20 16:06:54,981 INFO o.a.j.t.JMeterThread: Thread started: Thread Group 1-7
2024-04-20 16:06:55,043 INFO o.a.j.t.JMeterThread: Thread started: Thread Group 1-8
2024-04-20 16:06:55,120 INFO o.a.j.t.JMeterThread: Thread started: Thread Group 1-9
2024-04-20 16:06:55,181 INFO o.a.j.t.JMeterThread: Thread started: Thread Group 1-10
2024-04-20 16:06:55,257 INFO o.a.j.t.JMeterThread: Thread started: Thread Group 1-11
2024-04-20 16:06:55,319 INFO o.a.j.t.JMeterThread: Thread started: Thread Group 1-12
2024-04-20 16:06:55,380 INFO o.a.j.t.JMeterThread: Thread started: Thread Group 1-13
2024-04-20 16:06:55,444 INFO o.a.j.t.JMeterThread: Thread started: Thread Group 1-14
2024-04-20 16:06:55,521 INFO o.a.j.t.JMeterThread: Thread started: Thread Group 1-15
2024-04-20 16:06:55,935 INFO o.a.j.t.JMeterThread: Thread is done: Thread Group 1-4
2024-04-20 16:06:55,935 INFO o.a.j.t.JMeterThread: Thread finished: Thread Group 1-4
2024-04-20 16:06:55,939 INFO o.a.j.t.JMeterThread: Thread is done: Thread Group 1-3
2024-04-20 16:06:55,939 INFO o.a.j.t.JMeterThread: Thread finished: Thread Group 1-3
2024-04-20 16:06:56,874 INFO o.a.j.t.JMeterThread: Thread is done: Thread Group 1-5
2024-04-20 16:06:56,874 INFO o.a.j.t.JMeterThread: Thread finished: Thread Group 1-5
2024-04-20 16:06:56,933 INFO o.a.j.t.JMeterThread: Thread is done: Thread Group 1-6
2024-04-20 16:06:56,933 INFO o.a.j.t.JMeterThread: Thread finished: Thread Group 1-6
2024-04-20 16:06:57,000 INFO o.a.j.t.JMeterThread: Thread is done: Thread Group 1-7
2024-04-20 16:06:57,000 INFO o.a.j.t.JMeterThread: Thread finished: Thread Group 1-7
2024-04-20 16:06:57,058 INFO o.a.j.t.JMeterThread: Thread is done: Thread Group 1-8
2024-04-20 16:06:57,059 INFO o.a.j.t.JMeterThread: Thread finished: Thread Group 1-8
2024-04-20 16:06:57,137 INFO o.a.j.t.JMeterThread: Thread is done: Thread Group 1-9
2024-04-20 16:06:57,138 INFO o.a.j.t.JMeterThread: Thread finished: Thread Group 1-9
2024-04-20 16:06:57,198 INFO o.a.j.t.JMeterThread: Thread is done: Thread Group 1-10
2024-04-20 16:06:57,199 INFO o.a.j.t.JMeterThread: Thread finished: Thread Group 1-10
2024-04-20 16:06:57,276 INFO o.a.j.t.JMeterThread: Thread is done: Thread Group 1-11
2024-04-20 16:06:57,276 INFO o.a.j.t.JMeterThread: Thread finished: Thread Group 1-11
2024-04-20 16:06:57,337 INFO o.a.j.t.JMeterThread: Thread is done: Thread Group 1-12
2024-04-20 16:06:57,337 INFO o.a.j.t.JMeterThread: Thread finished: Thread Group 1-12
2024-04-20 16:06:57,400 INFO o.a.j.t.JMeterThread: Thread is done: Thread Group 1-13
2024-04-20 16:06:57,400 INFO o.a.j.t.JMeterThread: Thread finished: Thread Group 1-13
2024-04-20 16:06:57,463 INFO o.a.j.t.JMeterThread: Thread is done: Thread Group 1-14
2024-04-20 16:06:57,463 INFO o.a.j.t.JMeterThread: Thread finished: Thread Group 1-14
2024-04-20 16:06:57,543 INFO o.a.j.t.JMeterThread: Thread is done: Thread Group 1-15
2024-04-20 16:06:57,544 INFO o.a.j.t.JMeterThread: Thread finished: Thread Group 1-15
2024-04-20 16:06:57,544 INFO o.a.j.e.StandardJMeterEngine: Notifying test listeners of end of test
2024-04-20 16:06:57,544 INFO o.a.j.g.u.JMeterMenuBar: setRunning(false, *local*)
2024-04-20 16:09:48,900 INFO o.a.j.e.StandardJMeterEngine: Running the test!
2024-04-20 16:09:48,907 INFO o.a.j.s.SampleEvent: List of sample_variables: []
2024-04-20 16:09:48,912 INFO o.a.j.g.u.JMeterMenuBar: setRunning(true, *local*)
2024-04-20 16:09:48,914 INFO o.a.j.e.StandardJMeterEngine: Starting ThreadGroup: 1 : Thread Group
2024-04-20 16:09:48,924 INFO o.a.j.e.StandardJMeterEngine: Starting 15 threads for group Thread Group.
2024-04-20 16:09:48,924 INFO o.a.j.e.StandardJMeterEngine: Thread will continue on error
2024-04-20 16:09:48,924 INFO o.a.j.t.ThreadGroup: Starting thread group... number=1 threads=15 ramp-up=1 delayedStart=false
2024-04-20 16:09:48,927 INFO o.a.j.t.JMeterThread: Thread started: Thread Group 1-1
2024-04-20 16:09:48,929 INFO o.a.j.t.ThreadGroup: Started thread group number 1
2024-04-20 16:09:48,929 INFO o.a.j.e.StandardJMeterEngine: All thread groups have been started
2024-04-20 16:09:48,989 INFO o.a.j.t.JMeterThread: Thread is done: Thread Group 1-1
2024-04-20 16:09:48,989 INFO o.a.j.t.JMeterThread: Thread finished: Thread Group 1-1
2024-04-20 16:09:49,007 INFO o.a.j.t.JMeterThread: Thread started: Thread Group 1-2
2024-04-20 16:09:49,044 INFO o.a.j.t.JMeterThread: Thread is done: Thread Group 1-2
2024-04-20 16:09:49,044 INFO o.a.j.t.JMeterThread: Thread finished: Thread Group 1-2
2024-04-20 16:09:49,069 INFO o.a.j.t.JMeterThread: Thread started: Thread Group 1-3
2024-04-20 16:09:49,132 INFO o.a.j.t.JMeterThread: Thread started: Thread Group 1-4
2024-04-20 16:09:49,195 INFO o.a.j.t.JMeterThread: Thread started: Thread Group 1-5
2024-04-20 16:09:49,273 INFO o.a.j.t.JMeterThread: Thread started: Thread Group 1-6
2024-04-20 16:09:49,337 INFO o.a.j.t.JMeterThread: Thread started: Thread Group 1-7
2024-04-20 16:09:49,400 INFO o.a.j.t.JMeterThread: Thread started: Thread Group 1-8
2024-04-20 16:09:49,463 INFO o.a.j.t.JMeterThread: Thread started: Thread Group 1-9
2024-04-20 16:09:49,542 INFO o.a.j.t.JMeterThread: Thread started: Thread Group 1-10
2024-04-20 16:09:49,604 INFO o.a.j.t.JMeterThread: Thread started: Thread Group 1-11
2024-04-20 16:09:49,667 INFO o.a.j.t.JMeterThread: Thread started: Thread Group 1-12
2024-04-20 16:09:49,746 INFO o.a.j.t.JMeterThread: Thread started: Thread Group 1-13
2024-04-20 16:09:49,809 INFO o.a.j.t.JMeterThread: Thread started: Thread Group 1-14
2024-04-20 16:09:49,871 INFO o.a.j.t.JMeterThread: Thread started: Thread Group 1-15
2024-04-20 16:09:51,090 INFO o.a.j.t.JMeterThread: Thread is done: Thread Group 1-3
2024-04-20 16:09:51,090 INFO o.a.j.t.JMeterThread: Thread finished: Thread Group 1-3
2024-04-20 16:09:51,150 INFO o.a.j.t.JMeterThread: Thread is done: Thread Group 1-4
2024-04-20 16:09:51,150 INFO o.a.j.t.JMeterThread: Thread finished: Thread Group 1-4
2024-04-20 16:09:51,212 INFO o.a.j.t.JMeterThread: Thread is done: Thread Group 1-5
2024-04-20 16:09:51,213 INFO o.a.j.t.JMeterThread: Thread finished: Thread Group 1-5
2024-04-20 16:09:51,292 INFO o.a.j.t.JMeterThread: Thread is done: Thread Group 1-6
2024-04-20 16:09:51,292 INFO o.a.j.t.JMeterThread: Thread finished: Thread Group 1-6
2024-04-20 16:09:51,355 INFO o.a.j.t.JMeterThread: Thread is done: Thread Group 1-7
2024-04-20 16:09:51,355 INFO o.a.j.t.JMeterThread: Thread finished: Thread Group 1-7
2024-04-20 16:09:51,418 INFO o.a.j.t.JMeterThread: Thread is done: Thread Group 1-8
2024-04-20 16:09:51,418 INFO o.a.j.t.JMeterThread: Thread finished: Thread Group 1-8
2024-04-20 16:09:51,480 INFO o.a.j.t.JMeterThread: Thread is done: Thread Group 1-9
2024-04-20 16:09:51,480 INFO o.a.j.t.JMeterThread: Thread finished: Thread Group 1-9
2024-04-20 16:09:51,559 INFO o.a.j.t.JMeterThread: Thread is done: Thread Group 1-10
2024-04-20 16:09:51,560 INFO o.a.j.t.JMeterThread: Thread finished: Thread Group 1-10
2024-04-20 16:09:51,623 INFO o.a.j.t.JMeterThread: Thread is done: Thread Group 1-11
2024-04-20 16:09:51,623 INFO o.a.j.t.JMeterThread: Thread finished: Thread Group 1-11
2024-04-20 16:09:51,685 INFO o.a.j.t.JMeterThread: Thread is done: Thread Group 1-12
2024-04-20 16:09:51,686 INFO o.a.j.t.JMeterThread: Thread finished: Thread Group 1-12
2024-04-20 16:09:51,763 INFO o.a.j.t.JMeterThread: Thread is done: Thread Group 1-13
2024-04-20 16:09:51,763 INFO o.a.j.t.JMeterThread: Thread finished: Thread Group 1-13
2024-04-20 16:09:51,826 INFO o.a.j.t.JMeterThread: Thread is done: Thread Group 1-14
2024-04-20 16:09:51,826 INFO o.a.j.t.JMeterThread: Thread finished: Thread Group 1-14
2024-04-20 16:09:51,890 INFO o.a.j.t.JMeterThread: Thread is done: Thread Group 1-15
2024-04-20 16:09:51,890 INFO o.a.j.t.JMeterThread: Thread finished: Thread Group 1-15
2024-04-20 16:09:51,892 INFO o.a.j.e.StandardJMeterEngine: Notifying test listeners of end of test
2024-04-20 16:09:51,892 INFO o.a.j.g.u.JMeterMenuBar: setRunning(false, *local*)
2024-04-20 16:10:26,174 INFO o.a.j.e.StandardJMeterEngine: Running the test!
2024-04-20 16:10:26,174 INFO o.a.j.s.SampleEvent: List of sample_variables: []
2024-04-20 16:10:26,174 INFO o.a.j.g.u.JMeterMenuBar: setRunning(true, *local*)
2024-04-20 16:10:26,175 INFO o.a.j.e.StandardJMeterEngine: Starting ThreadGroup: 1 : Thread Group
2024-04-20 16:10:26,175 INFO o.a.j.e.StandardJMeterEngine: Starting 15 threads for group Thread Group.
2024-04-20 16:10:26,175 INFO o.a.j.e.StandardJMeterEngine: Thread will continue on error
2024-04-20 16:10:26,177 INFO o.a.j.t.ThreadGroup: Starting thread group... number=1 threads=15 ramp-up=1 delayedStart=false
2024-04-20 16:10:26,182 INFO o.a.j.t.JMeterThread: Thread started: Thread Group 1-1
2024-04-20 16:10:26,185 INFO o.a.j.t.ThreadGroup: Started thread group number 1
2024-04-20 16:10:26,185 INFO o.a.j.e.StandardJMeterEngine: All thread groups have been started
2024-04-20 16:10:26,223 INFO o.a.j.t.JMeterThread: Thread is done: Thread Group 1-1
2024-04-20 16:10:26,223 INFO o.a.j.t.JMeterThread: Thread finished: Thread Group 1-1
2024-04-20 16:10:26,250 INFO o.a.j.t.JMeterThread: Thread started: Thread Group 1-2
2024-04-20 16:10:26,294 INFO o.a.j.t.JMeterThread: Thread is done: Thread Group 1-2
2024-04-20 16:10:26,294 INFO o.a.j.t.JMeterThread: Thread finished: Thread Group 1-2
2024-04-20 16:10:26,318 INFO o.a.j.t.JMeterThread: Thread started: Thread Group 1-3
2024-04-20 16:10:26,386 INFO o.a.j.t.JMeterThread: Thread started: Thread Group 1-4
2024-04-20 16:10:26,452 INFO o.a.j.t.JMeterThread: Thread started: Thread Group 1-5
2024-04-20 16:10:26,518 INFO o.a.j.t.JMeterThread: Thread started: Thread Group 1-6
2024-04-20 16:10:26,585 INFO o.a.j.t.JMeterThread: Thread started: Thread Group 1-7
2024-04-20 16:10:26,653 INFO o.a.j.t.JMeterThread: Thread started: Thread Group 1-8
2024-04-20 16:10:26,719 INFO o.a.j.t.JMeterThread: Thread started: Thread Group 1-9
2024-04-20 16:10:26,786 INFO o.a.j.t.JMeterThread: Thread started: Thread Group 1-10
2024-04-20 16:10:26,853 INFO o.a.j.t.JMeterThread: Thread started: Thread Group 1-11
2024-04-20 16:10:26,920 INFO o.a.j.t.JMeterThread: Thread started: Thread Group 1-12
2024-04-20 16:10:26,986 INFO o.a.j.t.JMeterThread: Thread started: Thread Group 1-13
2024-04-20 16:10:27,054 INFO o.a.j.t.JMeterThread: Thread started: Thread Group 1-14
2024-04-20 16:10:27,122 INFO o.a.j.t.JMeterThread: Thread started: Thread Group 1-15
2024-04-20 16:10:27,938 INFO o.a.j.t.JMeterThread: Thread is done: Thread Group 1-4
2024-04-20 16:10:27,938 INFO o.a.j.t.JMeterThread: Thread finished: Thread Group 1-4
2024-04-20 16:10:27,941 INFO o.a.j.t.JMeterThread: Thread is done: Thread Group 1-3
2024-04-20 16:10:27,941 INFO o.a.j.t.JMeterThread: Thread finished: Thread Group 1-3
2024-04-20 16:10:28,466 INFO o.a.j.t.JMeterThread: Thread is done: Thread Group 1-5
2024-04-20 16:10:28,467 INFO o.a.j.t.JMeterThread: Thread finished: Thread Group 1-5
2024-04-20 16:10:28,530 INFO o.a.j.t.JMeterThread: Thread is done: Thread Group 1-6
2024-04-20 16:10:28,530 INFO o.a.j.t.JMeterThread: Thread finished: Thread Group 1-6
2024-04-20 16:10:28,600 INFO o.a.j.t.JMeterThread: Thread is done: Thread Group 1-7
2024-04-20 16:10:28,600 INFO o.a.j.t.JMeterThread: Thread finished: Thread Group 1-7
2024-04-20 16:10:28,669 INFO o.a.j.t.JMeterThread: Thread is done: Thread Group 1-8
2024-04-20 16:10:28,669 INFO o.a.j.t.JMeterThread: Thread finished: Thread Group 1-8
2024-04-20 16:10:28,732 INFO o.a.j.t.JMeterThread: Thread is done: Thread Group 1-9
2024-04-20 16:10:28,732 INFO o.a.j.t.JMeterThread: Thread finished: Thread Group 1-9
2024-04-20 16:10:28,794 INFO o.a.j.t.JMeterThread: Thread is done: Thread Group 1-10
2024-04-20 16:10:28,794 INFO o.a.j.t.JMeterThread: Thread finished: Thread Group 1-10
2024-04-20 16:10:28,871 INFO o.a.j.t.JMeterThread: Thread is done: Thread Group 1-11
2024-04-20 16:10:28,872 INFO o.a.j.t.JMeterThread: Thread finished: Thread Group 1-11
2024-04-20 16:10:28,932 INFO o.a.j.t.JMeterThread: Thread is done: Thread Group 1-12
2024-04-20 16:10:28,932 INFO o.a.j.t.JMeterThread: Thread finished: Thread Group 1-12
2024-04-20 16:10:28,994 INFO o.a.j.t.JMeterThread: Thread is done: Thread Group 1-13
2024-04-20 16:10:28,994 INFO o.a.j.t.JMeterThread: Thread finished: Thread Group 1-13
2024-04-20 16:10:29,074 INFO o.a.j.t.JMeterThread: Thread is done: Thread Group 1-14
2024-04-20 16:10:29,075 INFO o.a.j.t.JMeterThread: Thread finished: Thread Group 1-14
2024-04-20 16:10:29,136 INFO o.a.j.t.JMeterThread: Thread is done: Thread Group 1-15
2024-04-20 16:10:29,136 INFO o.a.j.t.JMeterThread: Thread finished: Thread Group 1-15
2024-04-20 16:10:29,136 INFO o.a.j.e.StandardJMeterEngine: Notifying test listeners of end of test
2024-04-20 16:10:29,136 INFO o.a.j.g.u.JMeterMenuBar: setRunning(false, *local*)
